<?xml version="1.0" encoding="UTF-8"?>
<!-- Generated by org.testng.reporters.JUnitReportReporter -->
<testsuite hostname="TYSS-Akash-Deb" failures="0" tests="2" name="webElement.textfield.RegisterUserAndLoginTest" time="5.258" errors="0" timestamp="2023-12-08T11:01:50 IST" skipped="0">
  <testcase classname="webElement.textfield.RegisterUserAndLoginTest" name="registerUserAndVerify" time="3.748"/>
  <testcase classname="webElement.textfield.RegisterUserAndLoginTest" name="loginUserAndVerify" time="1.510"/>
</testsuite> <!-- webElement.textfield.RegisterUserAndLoginTest -->
